<?xml version="1.0" encoding="UTF-8"?>
<!-- Generated by org.testng.reporters.JUnitReportReporter -->
<testsuite hostname="DESKTOP-Q98T7TJ" failures="0" tests="2" name="testngtutorial.TestNG_7_Run_Suite_XML_File" time="2.216" errors="0" timestamp="2023-12-29T11:37:36 IST" skipped="0">
  <testcase classname="testngtutorial.TestNG_7_Run_Suite_XML_File" name="RM_3" time="2.031"/>
  <system-out/>
  <testcase classname="testngtutorial.TestNG_7_Run_Suite_XML_File" name="RM_4" time="0.185"/>
  <system-out/>
</testsuite> <!-- testngtutorial.TestNG_7_Run_Suite_XML_File -->
