<?xml version="1.0" encoding="UTF-8"?>
<!-- Generated by org.testng.reporters.JUnitReportReporter -->
<testsuite hostname="DESKTOP-Q98T7TJ" failures="0" tests="6" name="testngtutorial.TestNG_1_AlphabaticalOrder" time="18.148" errors="0" timestamp="2023-12-29T11:40:43 IST" skipped="0">
  <testcase classname="testngtutorial.TestNG_1_AlphabaticalOrder" name="swiggy" time="3.116"/>
  <system-out/>
  <testcase classname="testngtutorial.TestNG_1_AlphabaticalOrder" name="facebook" time="1.194"/>
  <system-out/>
  <testcase classname="testngtutorial.TestNG_1_AlphabaticalOrder" name="twitter" time="3.309"/>
  <system-out/>
  <testcase classname="testngtutorial.TestNG_1_AlphabaticalOrder" name="gmail" time="2.387"/>
  <system-out/>
  <testcase classname="testngtutorial.TestNG_1_AlphabaticalOrder" name="redmine" time="6.582"/>
  <system-out/>
  <testcase classname="testngtutorial.TestNG_1_AlphabaticalOrder" name="google" time="1.560"/>
  <system-out/>
</testsuite> <!-- testngtutorial.TestNG_1_AlphabaticalOrder -->
