<?xml version="1.0" encoding="UTF-8"?>
<!-- Generated by org.testng.reporters.JUnitReportReporter -->
<testsuite hostname="DESKTOP-Q98T7TJ" failures="0" tests="1" name="fileupload.FileAttachment" time="11.126" errors="0" timestamp="2023-12-30T11:50:24 IST" skipped="0">
  <testcase classname="fileupload.FileAttachment" name="file" time="11.126"/>
  <system-out/>
</testsuite> <!-- fileupload.FileAttachment -->
