<?xml version="1.0" encoding="UTF-8"?>
<!-- Generated by org.testng.reporters.JUnitReportReporter -->
<testsuite hostname="DESKTOP-Q98T7TJ" failures="0" tests="1" name="pagescrolldownup.PageDownandUp" time="8.717" errors="0" timestamp="2023-12-29T12:18:19 IST" skipped="0">
  <testcase classname="pagescrolldownup.PageDownandUp" name="selectedlocator" time="8.717"/>
  <system-out/>
</testsuite> <!-- pagescrolldownup.PageDownandUp -->
