<?xml version="1.0" encoding="UTF-8"?>
<!-- Generated by org.testng.reporters.JUnitReportReporter -->
<testsuite hostname="DESKTOP-Q98T7TJ" failures="0" tests="6" name="testngtutorial.TestNG_3_Skip_Ignore_Disabled" time="19.391" errors="0" timestamp="2023-12-28T11:45:14 IST" skipped="3">
  <testcase classname="testngtutorial.TestNG_3_Skip_Ignore_Disabled" name="redmine" time="10.145"/>
  <system-out/>
  <testcase classname="testngtutorial.TestNG_3_Skip_Ignore_Disabled" name="google" time="7.678"/>
  <system-out/>
  <testcase classname="testngtutorial.TestNG_3_Skip_Ignore_Disabled" name="facebook" time="1.568"/>
  <system-out/>
  <testcase classname="testngtutorial.TestNG_3_Skip_Ignore_Disabled" name="gmail">
    <skipped/>
  </testcase> <!-- gmail -->
  <system-out/>
  <testcase classname="testngtutorial.TestNG_3_Skip_Ignore_Disabled" name="twitter">
    <skipped/>
  </testcase> <!-- twitter -->
  <system-out/>
  <testcase classname="testngtutorial.TestNG_3_Skip_Ignore_Disabled" name="swiggy">
    <skipped/>
  </testcase> <!-- swiggy -->
  <system-out/>
</testsuite> <!-- testngtutorial.TestNG_3_Skip_Ignore_Disabled -->
