<?xml version="1.0" encoding="UTF-8"?>
<!-- Generated by org.testng.reporters.JUnitReportReporter -->
<testsuite hostname="DESKTOP-Q98T7TJ" failures="0" tests="5" name="actionsclassprograms.RDDDMK" time="13.951" errors="0" timestamp="2023-12-30T11:36:25 IST" skipped="4">
  <testcase classname="actionsclassprograms.RDDDMK" name="keyboardfunctions" time="13.951"/>
  <system-out/>
  <testcase classname="actionsclassprograms.RDDDMK" name="draganddrop">
    <skipped/>
  </testcase> <!-- draganddrop -->
  <system-out/>
  <testcase classname="actionsclassprograms.RDDDMK" name="mousehover">
    <skipped/>
  </testcase> <!-- mousehover -->
  <system-out/>
  <testcase classname="actionsclassprograms.RDDDMK" name="rightclick">
    <skipped/>
  </testcase> <!-- rightclick -->
  <system-out/>
  <testcase classname="actionsclassprograms.RDDDMK" name="doubleclick">
    <skipped/>
  </testcase> <!-- doubleclick -->
  <system-out/>
</testsuite> <!-- actionsclassprograms.RDDDMK -->
