<?xml version="1.0" encoding="UTF-8"?>
<!-- Generated by org.testng.reporters.JUnitReportReporter -->
<testsuite hostname="DESKTOP-Q98T7TJ" failures="0" tests="1" name="log4jtutorial.Log4jDemo" time="7.943" errors="0" timestamp="2024-01-02T11:46:23 IST" skipped="0">
  <testcase classname="log4jtutorial.Log4jDemo" name="googlesearch" time="7.943"/>
  <system-out/>
</testsuite> <!-- log4jtutorial.Log4jDemo -->
