<?xml version="1.0" encoding="UTF-8"?>
<!-- Generated by org.testng.reporters.JUnitReportReporter -->
<testsuite hostname="DESKTOP-Q98T7TJ" failures="0" tests="2" name="testngtutorial.TestNG_5_DependsonMethods" time="6.103" errors="0" timestamp="2023-12-29T11:40:43 IST" skipped="0">
  <testcase classname="testngtutorial.TestNG_5_DependsonMethods" name="method1" time="4.364"/>
  <system-out/>
  <testcase classname="testngtutorial.TestNG_5_DependsonMethods" name="method2" time="1.739"/>
  <system-out/>
</testsuite> <!-- testngtutorial.TestNG_5_DependsonMethods -->
