<?xml version="1.0" encoding="UTF-8"?>
<!-- Generated by org.testng.reporters.JUnitReportReporter -->
<testsuite hostname="DESKTOP-Q98T7TJ" failures="0" tests="3" name="testngtutorial.TestNG_8_Groups" time="6.549" errors="0" timestamp="2023-12-29T11:53:05 IST" skipped="0">
  <testcase classname="testngtutorial.TestNG_8_Groups" name="facebook" time="1.262"/>
  <system-out/>
  <testcase classname="testngtutorial.TestNG_8_Groups" name="twitter" time="2.912"/>
  <system-out/>
  <testcase classname="testngtutorial.TestNG_8_Groups" name="gmail" time="2.375"/>
  <system-out/>
</testsuite> <!-- testngtutorial.TestNG_8_Groups -->
